TN:
SF:playwright.config.ts
FN:1,(empty-report)
FNF:1
FNH:0
FNDA:0,(empty-report)
DA:1,0
DA:3,0
DA:4,0
DA:5,0
DA:6,0
DA:7,0
DA:8,0
DA:10,0
DA:11,0
DA:12,0
DA:13,0
DA:15,0
DA:16,0
DA:17,0
DA:18,0
DA:19,0
DA:20,0
DA:22,0
DA:23,0
DA:24,0
DA:25,0
DA:26,0
DA:27,0
DA:28,0
DA:29,0
DA:30,0
DA:31,0
DA:33,0
DA:34,0
DA:35,0
DA:36,0
DA:37,0
DA:38,0
DA:39,0
LF:34
LH:0
BRDA:1,0,0,0
BRF:1
BRH:0
end_of_record
TN:
SF:playwright.mobile.config.ts
FN:1,(empty-report)
FNF:1
FNH:0
FNDA:0,(empty-report)
DA:1,0
DA:2,0
DA:4,0
DA:5,0
DA:6,0
DA:7,0
DA:8,0
DA:9,0
DA:10,0
DA:11,0
DA:12,0
DA:13,0
DA:14,0
DA:15,0
DA:16,0
LF:15
LH:0
BRDA:1,0,0,0
BRF:1
BRH:0
end_of_record
TN:
SF:postcss.config.js
FN:1,(empty-report)
FNF:1
FNH:0
FNDA:0,(empty-report)
DA:1,0
DA:2,0
DA:3,0
DA:4,0
DA:5,0
DA:6,0
LF:6
LH:0
BRDA:1,0,0,0
BRF:1
BRH:0
end_of_record
TN:
SF:tailwind.config.js
FN:1,(empty-report)
FNF:1
FNH:0
FNDA:0,(empty-report)
DA:1,0
DA:2,0
DA:3,0
DA:4,0
DA:5,0
DA:6,0
DA:7,0
DA:8,0
DA:9,0
DA:10,0
DA:11,0
DA:12,0
DA:13,0
DA:14,0
DA:15,0
DA:16,0
DA:17,0
DA:18,0
DA:19,0
DA:20,0
DA:21,0
DA:22,0
DA:23,0
DA:24,0
DA:25,0
DA:26,0
LF:26
LH:0
BRDA:1,0,0,0
BRF:1
BRH:0
end_of_record
TN:
SF:src/App.tsx
FN:1,(empty-report)
FNF:1
FNH:0
FNDA:0,(empty-report)
DA:1,0
DA:2,0
DA:3,0
DA:4,0
DA:5,0
DA:6,0
DA:10,0
DA:11,0
DA:13,0
DA:14,0
DA:15,0
DA:16,0
DA:17,0
DA:18,0
DA:19,0
DA:21,0
DA:22,0
DA:23,0
DA:24,0
DA:25,0
DA:26,0
DA:27,0
DA:28,0
DA:29,0
DA:30,0
DA:31,0
DA:32,0
DA:33,0
DA:34,0
DA:35,0
DA:36,0
DA:38,0
DA:39,0
DA:40,0
DA:41,0
DA:42,0
DA:43,0
DA:44,0
DA:46,0
DA:47,0
DA:48,0
DA:49,0
DA:50,0
DA:51,0
DA:52,0
DA:53,0
DA:54,0
DA:55,0
DA:56,0
DA:57,0
DA:59,0
DA:60,0
DA:61,0
DA:62,0
DA:63,0
DA:64,0
DA:65,0
DA:67,0
DA:68,0
DA:69,0
DA:70,0
DA:72,0
DA:74,0
LF:63
LH:0
BRDA:1,0,0,0
BRF:1
BRH:0
end_of_record
TN:
SF:src/main.tsx
FN:1,(empty-report)
FNF:1
FNH:0
FNDA:0,(empty-report)
DA:1,0
DA:2,0
DA:3,0
DA:4,0
DA:6,0
DA:7,0
DA:8,0
DA:9,0
DA:10,0
LF:9
LH:0
BRDA:1,0,0,0
BRF:1
BRH:0
end_of_record
TN:
SF:src/storage.ts
FN:12,saveWorkoutDay
FN:25,getWorkoutDays
FN:30,getWorkoutDay
FN:35,saveDietDay
FN:48,getDietDays
FN:53,getDietDay
FN:58,savePersonalRecord
FN:73,getPersonalRecords
FN:78,exportData
FN:86,importData
FN:106,clearAllData
FNF:11
FNH:0
FNDA:0,saveWorkoutDay
FNDA:0,getWorkoutDays
FNDA:0,getWorkoutDay
FNDA:0,saveDietDay
FNDA:0,getDietDays
FNDA:0,getDietDay
FNDA:0,savePersonalRecord
FNDA:0,getPersonalRecords
FNDA:0,exportData
FNDA:0,importData
FNDA:0,clearAllData
DA:3,1
DA:4,1
DA:5,1
DA:6,1
DA:7,1
DA:8,1
DA:9,1
DA:11,1
DA:12,1
DA:13,0
DA:14,0
DA:16,0
DA:17,0
DA:18,0
DA:19,0
DA:20,0
DA:22,0
DA:23,0
DA:25,1
DA:26,0
DA:27,0
DA:28,0
DA:30,1
DA:31,0
DA:32,0
DA:33,0
DA:35,1
DA:36,0
DA:37,0
DA:39,0
DA:40,0
DA:41,0
DA:42,0
DA:43,0
DA:45,0
DA:46,0
DA:48,1
DA:49,0
DA:50,0
DA:51,0
DA:53,1
DA:54,0
DA:55,0
DA:56,0
DA:58,1
DA:59,0
DA:60,0
DA:62,0
DA:63,0
DA:64,0
DA:65,0
DA:66,0
DA:67,0
DA:68,0
DA:70,0
DA:71,0
DA:73,1
DA:74,0
DA:75,0
DA:76,0
DA:78,1
DA:79,0
DA:80,0
DA:81,0
DA:82,0
DA:83,0
DA:84,0
DA:86,1
DA:87,0
DA:88,0
DA:90,0
DA:91,0
DA:92,0
DA:93,0
DA:94,0
DA:95,0
DA:96,0
DA:97,0
DA:98,0
DA:100,0
DA:101,0
DA:102,0
DA:103,0
DA:104,0
DA:106,1
DA:107,0
DA:108,0
DA:109,0
DA:110,0
DA:111,1
LF:90
LH:20
BRF:0
BRH:0
end_of_record
TN:
SF:src/types.ts
FN:1,(empty-report)
FNF:1
FNH:1
FNDA:1,(empty-report)
LF:0
LH:0
BRDA:1,0,0,1
BRF:1
BRH:1
end_of_record
TN:
SF:src/utils.ts
FN:1,formatDate
FN:5,formatDisplayDate
FN:14,generateId
FN:18,downloadFile
FNF:4
FNH:3
FNDA:33,formatDate
FNDA:24,formatDisplayDate
FNDA:10,generateId
FNDA:0,downloadFile
DA:1,1
DA:2,33
DA:3,33
DA:5,1
DA:6,24
DA:7,24
DA:8,24
DA:9,24
DA:10,24
DA:11,24
DA:12,24
DA:14,1
DA:15,10
DA:16,10
DA:18,1
DA:19,0
DA:20,0
DA:21,0
DA:22,0
DA:23,0
DA:24,0
DA:25,0
DA:26,0
DA:27,0
DA:28,0
LF:25
LH:15
BRDA:1,0,0,33
BRDA:5,1,0,24
BRDA:14,2,0,10
BRF:3
BRH:3
end_of_record
TN:
SF:src/components/Calendar.tsx
FN:1,(empty-report)
FNF:1
FNH:0
FNDA:0,(empty-report)
DA:1,0
DA:2,0
DA:3,0
DA:13,0
DA:14,0
DA:15,0
DA:16,0
DA:18,0
DA:19,0
DA:20,0
DA:22,0
DA:23,0
DA:24,0
DA:26,0
DA:27,0
DA:28,0
DA:29,0
DA:30,0
DA:31,0
DA:33,0
DA:34,0
DA:36,0
DA:37,0
DA:38,0
DA:39,0
DA:41,0
DA:42,0
DA:43,0
DA:45,0
DA:46,0
DA:47,0
DA:49,0
DA:50,0
DA:51,0
DA:52,0
DA:53,0
DA:54,0
DA:55,0
DA:57,0
DA:58,0
DA:60,0
DA:61,0
DA:63,0
DA:64,0
DA:65,0
DA:66,0
DA:67,0
DA:68,0
DA:69,0
DA:71,0
DA:72,0
DA:73,0
DA:74,0
DA:76,0
DA:77,0
DA:78,0
DA:80,0
DA:81,0
DA:82,0
DA:83,0
DA:85,0
DA:86,0
DA:87,0
DA:88,0
DA:90,0
DA:91,0
DA:93,0
DA:94,0
DA:95,0
DA:96,0
DA:97,0
DA:98,0
DA:99,0
DA:100,0
DA:101,0
DA:102,0
DA:104,0
DA:105,0
DA:107,0
DA:108,0
DA:109,0
DA:111,0
DA:112,0
DA:113,0
DA:114,0
DA:115,0
DA:116,0
DA:117,0
DA:118,0
DA:119,0
DA:121,0
DA:122,0
DA:123,0
DA:124,0
DA:125,0
DA:127,0
DA:128,0
DA:129,0
DA:130,0
DA:131,0
DA:133,0
DA:134,0
DA:135,0
DA:136,0
DA:137,0
DA:139,0
DA:140,0
DA:141,0
DA:142,0
DA:144,0
DA:145,0
DA:146,0
DA:147,0
DA:148,0
DA:149,0
DA:151,0
DA:152,0
DA:153,0
DA:155,0
DA:156,0
DA:157,0
DA:158,0
DA:159,0
DA:161,0
DA:162,0
DA:165,0
DA:167,0
DA:168,0
DA:169,0
DA:170,0
DA:171,0
DA:172,0
DA:173,0
DA:174,0
DA:176,0
DA:177,0
DA:178,0
DA:179,0
DA:180,0
DA:181,0
DA:182,0
DA:184,0
DA:185,0
DA:187,0
DA:188,0
DA:190,0
DA:191,0
DA:192,0
DA:193,0
DA:194,0
DA:195,0
DA:196,0
DA:197,0
DA:198,0
DA:199,0
DA:200,0
DA:201,0
DA:202,0
DA:203,0
DA:204,0
DA:206,0
DA:207,0
DA:208,0
DA:209,0
DA:210,0
DA:212,0
DA:213,0
DA:214,0
DA:215,0
DA:216,0
DA:217,0
DA:218,0
DA:219,0
DA:220,0
DA:221,0
DA:222,0
DA:223,0
DA:224,0
DA:225,0
DA:226,0
DA:228,0
DA:230,0
DA:232,0
DA:233,0
DA:234,0
DA:235,0
DA:236,0
DA:237,0
DA:238,0
DA:239,0
DA:240,0
DA:241,0
DA:242,0
DA:243,0
DA:244,0
DA:245,0
DA:247,0
DA:249,0
DA:250,0
DA:251,0
DA:253,0
DA:255,0
LF:202
LH:0
BRDA:1,0,0,0
BRF:1
BRH:0
end_of_record
TN:
SF:src/components/DietTracker.tsx
FN:15,DietTracker
FN:43,saveDiet
FN:48,toggleMeal
FN:61,updateMeal
FN:74,addMeal
FN:95,removeMeal
FN:172,onClick
FN:186,onChange
FN:196,onChange
FN:211,onChange
FN:221,onChange
FN:231,onChange
FN:241,onChange
FN:248,onClick
FN:260,onChange
FN:270,onClick
FNF:16
FNH:7
FNDA:14,DietTracker
FNDA:5,saveDiet
FNDA:1,toggleMeal
FNDA:4,updateMeal
FNDA:0,addMeal
FNDA:0,removeMeal
FNDA:1,onClick
FNDA:1,onChange
FNDA:0,onChange
FNDA:4,onChange
FNDA:0,onChange
FNDA:0,onChange
FNDA:0,onChange
FNDA:0,onClick
FNDA:0,onChange
FNDA:0,onClick
DA:1,1
DA:3,1
DA:4,1
DA:6,1
DA:7,1
DA:8,1
DA:9,1
DA:10,1
DA:11,1
DA:12,1
DA:13,1
DA:15,14
DA:16,14
DA:17,14
DA:19,14
DA:21,14
DA:22,4
DA:24,4
DA:25,0
DA:26,0
DA:27,0
DA:28,0
DA:29,0
DA:30,0
DA:31,0
DA:32,0
DA:33,0
DA:34,0
DA:36,4
DA:37,14
DA:39,14
DA:40,4
DA:41,14
DA:43,14
DA:44,5
DA:45,5
DA:46,5
DA:48,14
DA:49,1
DA:51,1
DA:52,1
DA:53,1
DA:54,2
DA:55,1
DA:56,1
DA:58,1
DA:59,1
DA:61,14
DA:62,4
DA:64,4
DA:65,4
DA:66,4
DA:67,8
DA:68,4
DA:69,4
DA:71,4
DA:72,4
DA:74,14
DA:75,0
DA:77,0
DA:78,0
DA:79,0
DA:80,0
DA:81,0
DA:82,0
DA:83,0
DA:84,0
DA:85,0
DA:87,0
DA:88,0
DA:89,0
DA:90,0
DA:92,0
DA:93,0
DA:95,14
DA:96,0
DA:98,0
DA:99,0
DA:100,0
DA:101,0
DA:103,0
DA:104,0
DA:106,14
DA:107,14
DA:109,14
DA:110,14
DA:111,14
DA:112,14
DA:114,14
DA:116,14
DA:117,4
DA:118,4
DA:120,10
DA:121,10
DA:122,10
DA:123,10
DA:124,10
DA:125,10
DA:126,10
DA:127,10
DA:128,10
DA:129,10
DA:130,10
DA:131,10
DA:133,10
DA:134,10
DA:135,10
DA:136,10
DA:137,10
DA:138,10
DA:139,10
DA:141,10
DA:142,10
DA:143,10
DA:144,10
DA:145,10
DA:146,10
DA:147,10
DA:148,10
DA:149,10
DA:150,10
DA:151,10
DA:152,10
DA:153,10
DA:154,10
DA:155,10
DA:156,10
DA:157,10
DA:158,10
DA:160,10
DA:161,10
DA:162,10
DA:163,14
DA:164,14
DA:165,14
DA:166,14
DA:168,14
DA:169,14
DA:170,14
DA:171,14
DA:172,14
DA:173,14
DA:175,14
DA:176,14
DA:177,14
DA:179,14
DA:180,14
DA:181,20
DA:182,20
DA:183,20
DA:184,20
DA:185,20
DA:186,20
DA:187,20
DA:188,20
DA:189,20
DA:191,20
DA:192,20
DA:193,10
DA:194,10
DA:195,10
DA:196,10
DA:197,10
DA:198,10
DA:200,10
DA:201,10
DA:202,10
DA:205,20
DA:206,20
DA:207,20
DA:208,20
DA:209,20
DA:210,20
DA:211,20
DA:212,20
DA:213,20
DA:214,20
DA:216,20
DA:217,20
DA:218,20
DA:219,20
DA:220,20
DA:221,20
DA:222,20
DA:223,20
DA:224,20
DA:226,20
DA:227,20
DA:228,20
DA:229,20
DA:230,20
DA:231,20
DA:232,20
DA:233,20
DA:234,20
DA:236,20
DA:237,20
DA:238,20
DA:239,20
DA:240,20
DA:241,20
DA:242,20
DA:243,20
DA:244,20
DA:246,20
DA:247,10
DA:248,10
DA:249,10
DA:250,10
DA:252,10
DA:254,20
DA:256,20
DA:257,0
DA:258,0
DA:259,0
DA:260,0
DA:261,0
DA:262,0
DA:263,0
DA:264,0
DA:265,0
DA:268,20
DA:269,20
DA:270,20
DA:271,20
DA:272,20
DA:274,20
DA:276,20
DA:277,20
DA:278,20
DA:279,14
DA:280,14
DA:282,14
DA:283,5
DA:284,5
DA:285,5
DA:286,5
DA:287,5
DA:289,5
DA:290,5
DA:292,14
DA:293,14
DA:295,14
LF:243
LH:201
BRDA:15,0,0,14
BRDA:106,1,0,10
BRDA:106,2,0,12
BRDA:107,3,0,10
BRDA:107,4,0,4
BRDA:109,5,0,10
BRDA:109,6,0,12
BRDA:110,7,0,10
BRDA:110,8,0,12
BRDA:111,9,0,10
BRDA:111,10,0,12
BRDA:112,11,0,10
BRDA:112,12,0,12
BRDA:114,13,0,10
BRDA:114,14,0,4
BRDA:116,15,0,4
BRDA:118,16,0,10
BRDA:163,17,0,0
BRDA:175,18,0,5
BRDA:175,19,0,5
BRDA:282,20,0,5
BRDA:21,21,0,4
BRDA:24,22,0,0
BRDA:39,23,0,4
BRDA:43,24,0,5
BRDA:48,25,0,1
BRDA:49,26,0,0
BRDA:53,27,0,2
BRDA:54,28,0,1
BRDA:54,29,0,1
BRDA:61,30,0,4
BRDA:62,31,0,0
BRDA:66,32,0,8
BRDA:67,33,0,4
BRDA:67,34,0,4
BRDA:106,35,0,20
BRDA:109,36,0,20
BRDA:109,37,0,2
BRDA:109,38,0,0
BRDA:109,39,0,18
BRDA:110,40,0,20
BRDA:110,41,0,2
BRDA:110,42,0,0
BRDA:110,43,0,18
BRDA:111,44,0,20
BRDA:111,45,0,2
BRDA:111,46,0,0
BRDA:111,47,0,18
BRDA:112,48,0,20
BRDA:112,49,0,2
BRDA:112,50,0,0
BRDA:112,51,0,18
BRDA:114,52,0,20
BRDA:114,53,0,1
BRDA:172,54,0,1
BRDA:180,55,0,20
BRDA:192,56,0,10
BRDA:198,57,0,10
BRDA:200,58,0,2
BRDA:200,59,0,8
BRDA:210,60,0,1
BRDA:220,61,0,0
BRDA:230,62,0,0
BRDA:240,63,0,0
BRDA:246,64,0,10
BRDA:256,65,0,0
BRDA:186,66,0,1
BRDA:211,67,0,4
BRDA:211,68,0,1
BRF:69
BRH:57
end_of_record
TN:
SF:src/components/Settings.tsx
FN:1,(empty-report)
FNF:1
FNH:0
FNDA:0,(empty-report)
DA:1,0
DA:2,0
DA:3,0
DA:5,0
DA:6,0
DA:7,0
DA:9,0
DA:10,0
DA:11,0
DA:12,0
DA:13,0
DA:15,0
DA:16,0
DA:17,0
DA:19,0
DA:20,0
DA:21,0
DA:22,0
DA:23,0
DA:25,0
DA:26,0
DA:27,0
DA:28,0
DA:29,0
DA:30,0
DA:31,0
DA:32,0
DA:33,0
DA:34,0
DA:35,0
DA:37,0
DA:38,0
DA:39,0
DA:41,0
DA:42,0
DA:44,0
DA:45,0
DA:46,0
DA:47,0
DA:48,0
DA:49,0
DA:50,0
DA:51,0
DA:52,0
DA:53,0
DA:55,0
DA:56,0
DA:57,0
DA:58,0
DA:60,0
DA:61,0
DA:62,0
DA:63,0
DA:64,0
DA:65,0
DA:66,0
DA:68,0
DA:70,0
DA:71,0
DA:72,0
DA:73,0
DA:75,0
DA:76,0
DA:77,0
DA:79,0
DA:80,0
DA:81,0
DA:82,0
DA:83,0
DA:85,0
DA:86,0
DA:87,0
DA:88,0
DA:89,0
DA:90,0
DA:92,0
DA:93,0
DA:95,0
DA:96,0
DA:97,0
DA:98,0
DA:100,0
DA:101,0
DA:102,0
DA:104,0
DA:106,0
DA:107,0
DA:109,0
DA:111,0
DA:112,0
DA:114,0
DA:115,0
DA:116,0
DA:117,0
DA:118,0
DA:119,0
DA:120,0
DA:121,0
DA:123,0
DA:124,0
DA:125,0
DA:126,0
DA:128,0
DA:129,0
DA:130,0
DA:132,0
DA:134,0
DA:135,0
DA:136,0
DA:137,0
DA:138,0
DA:139,0
DA:140,0
DA:141,0
DA:143,0
DA:144,0
DA:145,0
DA:146,0
DA:147,0
DA:149,0
DA:150,0
DA:152,0
DA:153,0
DA:154,0
DA:155,0
DA:156,0
DA:158,0
DA:159,0
DA:160,0
DA:161,0
DA:163,0
DA:164,0
DA:165,0
DA:166,0
DA:168,0
DA:169,0
DA:170,0
DA:171,0
DA:172,0
DA:173,0
DA:174,0
DA:175,0
DA:177,0
DA:178,0
DA:180,0
DA:181,0
DA:182,0
DA:183,0
DA:184,0
DA:185,0
DA:188,0
DA:189,0
DA:190,0
DA:191,0
DA:192,0
DA:193,0
DA:194,0
DA:195,0
DA:196,0
DA:197,0
DA:198,0
DA:199,0
DA:200,0
DA:201,0
DA:202,0
DA:203,0
DA:204,0
DA:205,0
DA:207,0
LF:169
LH:0
BRDA:1,0,0,0
BRF:1
BRH:0
end_of_record
TN:
SF:src/components/Statistics.tsx
FN:1,(empty-report)
FNF:1
FNH:0
FNDA:0,(empty-report)
DA:1,0
DA:2,0
DA:12,0
DA:13,0
DA:14,0
DA:15,0
DA:17,0
DA:18,0
DA:19,0
DA:21,0
DA:22,0
DA:23,0
DA:24,0
DA:26,0
DA:28,0
DA:29,0
DA:30,0
DA:31,0
DA:33,0
DA:34,0
DA:36,0
DA:37,0
DA:38,0
DA:39,0
DA:41,0
DA:42,0
DA:43,0
DA:44,0
DA:46,0
DA:47,0
DA:48,0
DA:49,0
DA:51,0
DA:52,0
DA:53,0
DA:55,0
DA:56,0
DA:57,0
DA:59,0
DA:61,0
DA:62,0
DA:63,0
DA:65,0
DA:66,0
DA:67,0
DA:68,0
DA:69,0
DA:70,0
DA:72,0
DA:73,0
DA:75,0
DA:76,0
DA:78,0
DA:79,0
DA:80,0
DA:82,0
DA:83,0
DA:84,0
DA:86,0
DA:87,0
DA:88,0
DA:90,0
DA:92,0
DA:93,0
DA:95,0
DA:96,0
DA:97,0
DA:98,0
DA:99,0
DA:100,0
DA:101,0
DA:103,0
DA:105,0
DA:106,0
DA:107,0
DA:108,0
DA:109,0
DA:110,0
DA:111,0
DA:112,0
DA:113,0
DA:115,0
DA:116,0
DA:117,0
DA:118,0
DA:119,0
DA:121,0
DA:122,0
DA:123,0
DA:124,0
DA:125,0
DA:127,0
DA:128,0
DA:129,0
DA:130,0
DA:132,0
DA:133,0
DA:134,0
DA:135,0
DA:137,0
DA:138,0
DA:139,0
DA:140,0
DA:141,0
DA:142,0
DA:144,0
DA:145,0
DA:146,0
DA:148,0
DA:149,0
DA:150,0
DA:151,0
DA:152,0
DA:153,0
DA:154,0
DA:155,0
DA:156,0
DA:157,0
DA:158,0
DA:159,0
DA:160,0
DA:161,0
DA:162,0
DA:163,0
DA:164,0
DA:166,0
DA:168,0
DA:170,0
DA:172,0
DA:174,0
DA:175,0
DA:177,0
DA:178,0
DA:179,0
DA:180,0
DA:181,0
DA:182,0
DA:183,0
DA:184,0
DA:186,0
DA:187,0
DA:188,0
DA:189,0
DA:190,0
DA:191,0
DA:192,0
DA:193,0
DA:194,0
DA:195,0
DA:196,0
DA:197,0
DA:198,0
DA:200,0
DA:201,0
DA:202,0
DA:203,0
DA:204,0
DA:205,0
DA:206,0
DA:207,0
DA:209,0
DA:211,0
DA:213,0
DA:214,0
DA:215,0
DA:217,0
LF:166
LH:0
BRDA:1,0,0,0
BRF:1
BRH:0
end_of_record
TN:
SF:src/components/WorkoutTracker.tsx
FN:15,WorkoutTracker
FN:60,saveWorkout
FN:65,toggleExercise
FN:78,updateExercise
FN:103,addExercise
FN:122,removeExercise
FN:133,startTimer
FN:137,stopTimer
FN:148,resetTimer
FN:153,formatTime
FN:226,onClick
FN:240,onChange
FN:250,onChange
FN:265,onChange
FN:275,onChange
FN:285,onChange
FN:293,onClick
FN:305,onChange
FN:315,onClick
FNF:19
FNH:10
FNDA:19,WorkoutTracker
FNDA:6,saveWorkout
FNDA:1,toggleExercise
FNDA:4,updateExercise
FNDA:1,addExercise
FNDA:0,removeExercise
FNDA:1,startTimer
FNDA:0,stopTimer
FNDA:0,resetTimer
FNDA:14,formatTime
FNDA:1,onClick
FNDA:1,onChange
FNDA:0,onChange
FNDA:0,onChange
FNDA:0,onChange
FNDA:4,onChange
FNDA:0,onClick
FNDA:0,onChange
FNDA:0,onClick
DA:1,1
DA:3,1
DA:4,1
DA:6,1
DA:7,1
DA:8,1
DA:9,1
DA:10,1
DA:11,1
DA:12,1
DA:13,1
DA:15,19
DA:16,19
DA:17,19
DA:18,19
DA:19,19
DA:21,19
DA:23,19
DA:24,5
DA:26,5
DA:27,0
DA:28,0
DA:29,0
DA:30,0
DA:31,0
DA:32,0
DA:33,0
DA:34,0
DA:35,0
DA:36,0
DA:37,0
DA:39,5
DA:40,19
DA:42,19
DA:43,5
DA:44,19
DA:46,19
DA:47,6
DA:48,6
DA:49,1
DA:50,1
DA:51,1
DA:52,1
DA:53,6
DA:54,6
DA:55,1
DA:56,1
DA:57,6
DA:58,19
DA:60,19
DA:61,6
DA:62,6
DA:63,6
DA:65,19
DA:66,1
DA:68,1
DA:69,1
DA:70,1
DA:71,2
DA:72,1
DA:73,1
DA:75,1
DA:76,1
DA:78,19
DA:79,4
DA:81,4
DA:82,4
DA:83,4
DA:84,8
DA:85,4
DA:86,4
DA:88,4
DA:90,4
DA:91,3
DA:92,3
DA:93,3
DA:94,3
DA:95,3
DA:96,3
DA:97,3
DA:98,3
DA:99,3
DA:100,3
DA:101,4
DA:103,19
DA:104,1
DA:106,1
DA:107,1
DA:108,1
DA:109,1
DA:110,1
DA:111,1
DA:112,1
DA:114,1
DA:115,1
DA:116,1
DA:117,1
DA:119,1
DA:120,1
DA:122,19
DA:123,0
DA:125,0
DA:126,0
DA:127,0
DA:128,0
DA:130,0
DA:131,0
DA:133,19
DA:134,1
DA:135,1
DA:137,19
DA:138,0
DA:139,0
DA:140,0
DA:141,0
DA:142,0
DA:143,0
DA:144,0
DA:145,0
DA:146,0
DA:148,19
DA:149,0
DA:150,0
DA:151,0
DA:153,19
DA:154,14
DA:155,14
DA:156,14
DA:158,14
DA:159,0
DA:160,0
DA:161,14
DA:162,14
DA:164,19
DA:165,19
DA:167,19
DA:168,5
DA:169,5
DA:171,14
DA:172,14
DA:173,14
DA:174,14
DA:175,14
DA:176,14
DA:177,14
DA:178,14
DA:179,14
DA:180,14
DA:181,14
DA:182,14
DA:184,14
DA:185,14
DA:186,14
DA:187,14
DA:188,14
DA:189,14
DA:190,12
DA:191,12
DA:192,12
DA:193,12
DA:195,12
DA:197,2
DA:198,2
DA:199,2
DA:200,2
DA:202,2
DA:204,19
DA:205,19
DA:206,19
DA:207,19
DA:209,19
DA:210,19
DA:211,19
DA:212,19
DA:214,19
DA:215,19
DA:216,19
DA:217,19
DA:218,19
DA:219,19
DA:220,19
DA:222,19
DA:223,19
DA:224,19
DA:225,19
DA:226,19
DA:227,19
DA:229,19
DA:230,19
DA:231,19
DA:233,19
DA:234,19
DA:235,29
DA:236,29
DA:237,29
DA:238,29
DA:239,29
DA:240,29
DA:241,29
DA:242,29
DA:243,29
DA:245,29
DA:246,29
DA:247,5
DA:248,5
DA:249,5
DA:250,5
DA:251,5
DA:252,5
DA:254,24
DA:255,24
DA:256,24
DA:259,29
DA:260,29
DA:261,29
DA:262,29
DA:263,29
DA:264,29
DA:265,29
DA:266,29
DA:267,29
DA:268,29
DA:270,29
DA:271,29
DA:272,29
DA:273,29
DA:274,29
DA:275,29
DA:276,29
DA:277,29
DA:278,29
DA:280,29
DA:281,29
DA:282,29
DA:283,29
DA:284,29
DA:285,29
DA:286,29
DA:287,29
DA:288,29
DA:289,29
DA:291,29
DA:292,5
DA:293,5
DA:294,5
DA:295,5
DA:297,5
DA:299,29
DA:301,29
DA:302,0
DA:303,0
DA:304,0
DA:305,0
DA:306,0
DA:307,0
DA:308,0
DA:309,0
DA:310,0
DA:313,29
DA:314,29
DA:315,29
DA:316,29
DA:317,29
DA:319,29
DA:321,29
DA:322,29
DA:323,29
DA:324,19
DA:325,19
DA:327,19
DA:328,2
DA:329,2
DA:330,2
DA:331,2
DA:332,2
DA:334,2
DA:335,2
DA:337,19
DA:338,19
DA:340,19
LF:280
LH:239
BRDA:15,0,0,19
BRDA:164,1,0,14
BRDA:164,2,0,18
BRDA:165,3,0,14
BRDA:165,4,0,5
BRDA:167,5,0,5
BRDA:169,6,0,14
BRDA:189,7,0,12
BRDA:195,8,0,2
BRDA:217,9,0,14
BRDA:217,10,0,0
BRDA:229,11,0,2
BRDA:229,12,0,12
BRDA:327,13,0,2
BRDA:23,14,0,5
BRDA:26,15,0,0
BRDA:42,16,0,5
BRDA:46,17,0,6
BRDA:48,18,0,1
BRDA:49,19,0,1
BRDA:50,20,0,1
BRDA:53,21,0,6
BRDA:54,22,0,1
BRDA:60,23,0,6
BRDA:65,24,0,1
BRDA:66,25,0,0
BRDA:70,26,0,2
BRDA:71,27,0,1
BRDA:71,28,0,1
BRDA:78,29,0,4
BRDA:79,30,0,0
BRDA:90,31,0,3
BRDA:83,32,0,8
BRDA:84,33,0,4
BRDA:84,34,0,4
BRDA:91,35,0,3
BRDA:103,36,0,1
BRDA:104,37,0,0
BRDA:133,38,0,1
BRDA:153,39,0,14
BRDA:158,40,0,0
BRDA:164,41,0,29
BRDA:226,42,0,1
BRDA:234,43,0,29
BRDA:246,44,0,5
BRDA:252,45,0,24
BRDA:254,46,0,1
BRDA:254,47,0,23
BRDA:264,48,0,0
BRDA:274,49,0,0
BRDA:284,50,0,2
BRDA:291,51,0,5
BRDA:301,52,0,0
BRDA:240,53,0,1
BRDA:285,54,0,4
BRDA:285,55,0,1
BRF:56
BRH:47
end_of_record
